0 info it worked if it ends with ok
1 verbose cli [
1 verbose cli   'C:\\Program Files\\nodejs\\node.exe',
1 verbose cli   'C:\\Program Files\\nodejs\\node_modules\\npm\\bin\\npm-cli.js',
1 verbose cli   'run',
1 verbose cli   'start',
1 verbose cli   '--scripts-prepend-node-path=auto'
1 verbose cli ]
2 info using npm@3.10.10
3 info using node@v12.2.0
4 verbose run-script [ 'prestart', 'start', 'poststart' ]
5 info lifecycle socket-test-server@1.0.0~prestart: socket-test-server@1.0.0
6 silly lifecycle socket-test-server@1.0.0~prestart: no script for prestart, continuing
7 info lifecycle socket-test-server@1.0.0~start: socket-test-server@1.0.0
8 verbose lifecycle socket-test-server@1.0.0~start: unsafe-perm in lifecycle true
9 verbose lifecycle socket-test-server@1.0.0~start: PATH: C:\Users\soura\AppData\Roaming\nvm\v12.2.0\node_modules\npm\bin\node-gyp-bin;C:\wamp64\www\socket-test-server\node_modules\.bin;C:\Program Files (x86)\Common Files\Oracle\Java\javapath;C:\ProgramData\Oracle\Java\javapath;C:\Program Files (x86)\Intel\iCLS Client\;C:\Program Files\Intel\iCLS Client\;C:\WINDOWS\system32;C:\WINDOWS;C:\WINDOWS\System32\Wbem;C:\WINDOWS\System32\WindowsPowerShell\v1.0\;C:\WINDOWS\System32\OpenSSH\;C:\Program Files\Intel\Intel(R) Management Engine Components\DAL;C:\Program Files\Intel\Intel(R) Management Engine Components\IPT;C:\Program Files (x86)\Intel\Intel(R) Management Engine Components\DAL;C:\Program Files (x86)\Intel\Intel(R) Management Engine Components\IPT;C:\Program Files (x86)\NVIDIA Corporation\PhysX\Common;C:\ProgramData\ComposerSetup\bin;H:\IDE\Android\sdk\tools;H:\IDE\Android\sdk\platform-tools;C:\WINDOWS\system32;C:\WINDOWS;C:\WINDOWS\System32\Wbem;C:\WINDOWS\System32\WindowsPowerShell\v1.0\;C:\WINDOWS\System32\OpenSSH\;C:\Program Files\Microsoft VS Code\bin;C:\Program Files (x86)\QuickTime\QTSystem\;C:\wamp64;C:\wamp64\bin\php\php7.3.26;C:\wamp64\bin\php\php7.2.10;C:\wamp64\bin\php\php7.1.22;C:\Program Fi;C:\Program Files\Git\cmd;C:\Android;C:\Windows\System32;C:\Program Files (x86)\WinSCP\;C:\Program Files (x86)\AOMEI\AOMEI Backupper 5.7.0;C:\ProgramData\chocolatey\bin;C:\Users\soura\AppData\Roaming\nvm;C:\Program Files\nodejs;C:\Gradle\gradle-6.5.1\bin;C:\Program Files\MongoDB\Server\4.4\bin;C:\Program Files\OpenJDK\openjdk-8u275-b01\bin;C:\Program Files\nodejs\;C:\Program Files\dotnet\;C:\wamp64\bin\php\php8.0.3;C:\Users\soura\AppData\Local\Microsoft\WindowsApps;C:\Program Files\Microsoft VS Code\bin;C:\Users\soura\AppData\Roaming\Composer\vendor\bin;H:\IDE\Android\sdk\tools;H:\IDE\Android\sdk\platform-tools;C:\Users\soura\AppData\Roaming\Dashlane\6.6.1.13351\bin\Firefox_Extension\{442718d9-475e-452a-b3e1-fb1ee16b8e9f}\components;C:\Users\soura\AppData\Roaming\Dashlane\6.6.1.13351\ucrt;C:\Users\soura\AppData\Roaming\Dashlane\6.6.1.13351\bin\Qt;C:\Users\soura\AppData\Roaming\Dashlane\6.6.1.13351\bin\Ssl;C:\Users\soura\AppData\Local\GitHubDesktop\bin;C:\Users\soura\AppData\Roaming\Dashlane\6.1907.0.17833\bin\Firefox_Extension\{442718d9-475e-452a-b3e1-fb1ee16b8e9f}\components;C:\Users\soura\AppData\Roaming\Dashlane\6.1907.0.17833\ucrt;C:\Users\soura\AppData\Roaming\Dashlane\6.1907.0.17833\bin\Qt;C:\Users\soura\AppData\Roaming\Dashlane\6.1907.0.17833\bin\Ssl;C:\Users\soura\AppData\Local\Microsoft\WindowsApps;C:\Users\soura\AppData\Roaming\nvm;C:\Program Files\nodejs;C:\Program Files\JetBrains\DataGrip 2020.1.5\bin;;C:\Program Files\JetBrains\WebStorm 2020.2.2\bin;;C:\Users\soura\AppData\Roaming\npm;C:\Users\soura\.dotnet\tools
10 verbose lifecycle socket-test-server@1.0.0~start: CWD: C:\wamp64\www\socket-test-server
11 silly lifecycle socket-test-server@1.0.0~start: Args: [ '/d /s /c', 'nodemon' ]
12 silly lifecycle socket-test-server@1.0.0~start: Returned: code: 1  signal: null
13 info lifecycle socket-test-server@1.0.0~start: Failed to exec start script
14 verbose stack Error: socket-test-server@1.0.0 start: `nodemon`
14 verbose stack Exit status 1
14 verbose stack     at EventEmitter.<anonymous> (C:\Users\soura\AppData\Roaming\nvm\v12.2.0\node_modules\npm\lib\utils\lifecycle.js:255:16)
14 verbose stack     at EventEmitter.emit (events.js:196:13)
14 verbose stack     at ChildProcess.<anonymous> (C:\Users\soura\AppData\Roaming\nvm\v12.2.0\node_modules\npm\lib\utils\spawn.js:40:14)
14 verbose stack     at ChildProcess.emit (events.js:196:13)
14 verbose stack     at maybeClose (internal/child_process.js:1011:16)
14 verbose stack     at Process.ChildProcess._handle.onexit (internal/child_process.js:268:5)
15 verbose pkgid socket-test-server@1.0.0
16 verbose cwd C:\wamp64\www\socket-test-server
17 error Windows_NT 10.0.18363
18 error argv "C:\\Program Files\\nodejs\\node.exe" "C:\\Program Files\\nodejs\\node_modules\\npm\\bin\\npm-cli.js" "run" "start" "--scripts-prepend-node-path=auto"
19 error node v12.2.0
20 error npm  v3.10.10
21 error code ELIFECYCLE
22 error socket-test-server@1.0.0 start: `nodemon`
22 error Exit status 1
23 error Failed at the socket-test-server@1.0.0 start script 'nodemon'.
23 error Make sure you have the latest version of node.js and npm installed.
23 error If you do, this is most likely a problem with the socket-test-server package,
23 error not with npm itself.
23 error Tell the author that this fails on your system:
23 error     nodemon
23 error You can get information on how to open an issue for this project with:
23 error     npm bugs socket-test-server
23 error Or if that isn't available, you can get their info via:
23 error     npm owner ls socket-test-server
23 error There is likely additional logging output above.
24 verbose exit [ 1, true ]
